Build started 7/1/2019 4:02:38 PM.
     1>Project "c:\Users\Zbz\documents\visual studio 2013\Projects\My Multithreaded Ringbuffer\My Multithreaded Ringbuffer\My Multithreaded Ringbuffer.vcxproj" on node 2 (Build target(s)).
     1>ClCompile:
         D:\Program Files (x86)\Microsoft Visual Studio 12.0\VC\bin\CL.exe /c /ZI /nologo /W3 /WX- /sdl /Od /Oy- /D _MBCS /Gm /EHsc /RTC1 /MDd /GS /fp:precise /Zc:wchar_t /Zc:forScope /Fo"Debug\\" /Fd"Debug\vc120.pdb" /Gd /TP /analyze- /errorReport:prompt main.cpp
         main.cpp
     1>c:\users\zbz\documents\visual studio 2013\projects\my multithreaded ringbuffer\my multithreaded ringbuffer\buffer.h(88): warning C4244: 'initializing' : conversion from 'double' to 'uint8_t', possible loss of data
                 c:\users\zbz\documents\visual studio 2013\projects\my multithreaded ringbuffer\my multithreaded ringbuffer\buffer.h(86) : while compiling class template member function 'bool MultipleWriterReaderBuffer<int,256>::read(DataType *&,int)'
                 with
                 [
                     DataType=int
                 ]
                 c:\users\zbz\documents\visual studio 2013\projects\my multithreaded ringbuffer\my multithreaded ringbuffer\main.cpp(22) : see reference to function template instantiation 'bool MultipleWriterReaderBuffer<int,256>::read(DataType *&,int)' being compiled
                 with
                 [
                     DataType=int
                 ]
                 c:\users\zbz\documents\visual studio 2013\projects\my multithreaded ringbuffer\my multithreaded ringbuffer\main.cpp(5) : see reference to class template instantiation 'MultipleWriterReaderBuffer<int,256>' being compiled
       Link:
         D:\Program Files (x86)\Microsoft Visual Studio 12.0\VC\bin\link.exe /ERRORREPORT:PROMPT /OUT:"c:\users\zbz\documents\visual studio 2013\Projects\My Multithreaded Ringbuffer\Debug\My Multithreaded Ringbuffer.exe" /INCREMENTAL /NOLOGO kernel32.lib user32.lib gdi32.lib winspool.lib comdlg32.lib advapi32.lib shell32.lib ole32.lib oleaut32.lib uuid.lib odbc32.lib odbccp32.lib /MANIFEST /MANIFESTUAC:"level='asInvoker' uiAccess='false'" /manifest:embed /DEBUG /PDB:"c:\users\zbz\documents\visual studio 2013\Projects\My Multithreaded Ringbuffer\Debug\My Multithreaded Ringbuffer.pdb" /TLBID:1 /DYNAMICBASE /NXCOMPAT /IMPLIB:"c:\users\zbz\documents\visual studio 2013\Projects\My Multithreaded Ringbuffer\Debug\My Multithreaded Ringbuffer.lib" /MACHINE:X86 Debug\main.obj
         My Multithreaded Ringbuffer.vcxproj -> c:\users\zbz\documents\visual studio 2013\Projects\My Multithreaded Ringbuffer\Debug\My Multithreaded Ringbuffer.exe
     1>Done Building Project "c:\Users\Zbz\documents\visual studio 2013\Projects\My Multithreaded Ringbuffer\My Multithreaded Ringbuffer\My Multithreaded Ringbuffer.vcxproj" (Build target(s)).

Build succeeded.

Time Elapsed 00:00:00.81
